Using pre-set license
Built from '2020.3/staging' branch; Version is '2020.3.11f1 (99c7afb366b3) revision 10078127'; Using compiler version '192528614'; Build Type 'Release'
OS: 'Windows 10 Pro; OS build 19042.1165; Version 2009; 64bit' Language: 'ko' Physical Memory: 8146 MB
BatchMode: 1, IsHumanControllingUs: 0, StartBugReporterOnCrash: 0, Is64bit: 1, IsPro: 0

 COMMAND LINE ARGUMENTS:
C:\Users\admin\Desktop\2020.3.13f1\Editor\Unity.exe
-adb2
-batchMode
-noUpm
-name
AssetImportWorker0
-projectPath
C:/Users/admin/Documents/GitHub/BJY
-logFile
Logs/AssetImportWorker0.log
-srvPort
65221
Successfully changed project path to: C:/Users/admin/Documents/GitHub/BJY
C:/Users/admin/Documents/GitHub/BJY
Using Asset Import Pipeline V2.
Refreshing native plugins compatible for Editor in 47.92 ms, found 3 plugins.
Preloading 0 native plugins for Editor in 0.00 ms.
Initialize engine version: 2020.3.11f1 (99c7afb366b3)
[Subsystems] Discovering subsystems at path C:/Users/admin/Desktop/2020.3.13f1/Editor/Data/Resources/UnitySubsystems
[Subsystems] Discovering subsystems at path C:/Users/admin/Documents/GitHub/BJY/Assets
GfxDevice: creating device client; threaded=0
Direct3D:
    Version:  Direct3D 11.0 [level 11.1]
    Renderer: NVIDIA GeForce GTX 1060 3GB (ID=0x1c02)
    Vendor:   
    VRAM:     2988 MB
    Driver:   27.21.14.5671
Initialize mono
Mono path[0] = 'C:/Users/admin/Desktop/2020.3.13f1/Editor/Data/Managed'
Mono path[1] = 'C:/Users/admin/Desktop/2020.3.13f1/Editor/Data/MonoBleedingEdge/lib/mono/unityjit'
Mono config path = 'C:/Users/admin/Desktop/2020.3.13f1/Editor/Data/MonoBleedingEdge/etc'
Using monoOptions --debugger-agent=transport=dt_socket,embedding=1,server=y,suspend=n,address=127.0.0.1:56568
Begin MonoManager ReloadAssembly
Registering precompiled unity dll's ...
Register platform support module: C:/Users/admin/Desktop/2020.3.13f1/Editor/Data/PlaybackEngines/WindowsStandaloneSupport/UnityEditor.WindowsStandalone.Extensions.dll
Registered in 0.002064 seconds.
Native extension for WindowsStandalone target not found
Refreshing native plugins compatible for Editor in 50.94 ms, found 3 plugins.
Preloading 0 native plugins for Editor in 0.00 ms.
Mono: successfully reloaded assembly
- Completed reload, in  1.186 seconds
Platform modules already initialized, skipping
Registering precompiled user dll's ...
Registered in 0.006309 seconds.
Begin MonoManager ReloadAssembly
Native extension for WindowsStandalone target not found
Refreshing native plugins compatible for Editor in 171.59 ms, found 3 plugins.
Preloading 0 native plugins for Editor in 0.00 ms.
Mono: successfully reloaded assembly
- Completed reload, in  2.237 seconds
Platform modules already initialized, skipping
========================================================================
Worker process is ready to serve import requests
Launched and connected shader compiler UnityShaderCompiler.exe after 0.07 seconds
Refreshing native plugins compatible for Editor in 1.20 ms, found 3 plugins.
Preloading 0 native plugins for Editor in 0.00 ms.
Unloading 2095 Unused Serialized files (Serialized files now loaded: 0)
System memory in use before: 179.5 MB.
System memory in use after: 179.4 MB.

Unloading 33 unused Assets to reduce memory usage. Loaded Objects now: 2562.
Total: 3.293000 ms (FindLiveObjects: 0.303800 ms CreateObjectMapping: 0.133600 ms MarkObjects: 2.630400 ms  DeleteObjects: 0.222400 ms)

========================================================================
Received Import Request.
  path: Assets/02.Scripts/Player/UIManager.cs
  artifactKey: Guid(8db89c9990cc92f4a80d5bb9c44d6ed4) Importer(815301076,1909f56bfc062723c751e8b465ee728b)
Start importing Assets/02.Scripts/Player/UIManager.cs using Guid(8db89c9990cc92f4a80d5bb9c44d6ed4) Importer(815301076,1909f56bfc062723c751e8b465ee728b)  -> (artifact id: 'a88cca974b08b000f0d0d2630add602f') in 0.060136 seconds
  Import took 0.066825 seconds .

========================================================================
Received Import Request.
  Time since last request: 236.411485 seconds.
  path: Assets/02.Scripts/Player/UIManager.cs
  artifactKey: Guid(8db89c9990cc92f4a80d5bb9c44d6ed4) Importer(815301076,1909f56bfc062723c751e8b465ee728b)
Start importing Assets/02.Scripts/Player/UIManager.cs using Guid(8db89c9990cc92f4a80d5bb9c44d6ed4) Importer(815301076,1909f56bfc062723c751e8b465ee728b)  -> (artifact id: 'cd743419e4523adaad5bf121f92c1d79') in 0.010972 seconds
  Import took 0.015995 seconds .

========================================================================
Received Import Request.
  Time since last request: 62.637648 seconds.
  path: Assets/02.Scripts/Player/UIManager.cs
  artifactKey: Guid(8db89c9990cc92f4a80d5bb9c44d6ed4) Importer(815301076,1909f56bfc062723c751e8b465ee728b)
Start importing Assets/02.Scripts/Player/UIManager.cs using Guid(8db89c9990cc92f4a80d5bb9c44d6ed4) Importer(815301076,1909f56bfc062723c751e8b465ee728b)  -> (artifact id: 'a85d0fe0cb253e7439489b0d0263fb3e') in 0.004219 seconds
  Import took 0.008504 seconds .

========================================================================
Received Import Request.
  Time since last request: 57.359789 seconds.
  path: Assets/02.Scripts/Player/UIManager.cs
  artifactKey: Guid(8db89c9990cc92f4a80d5bb9c44d6ed4) Importer(815301076,1909f56bfc062723c751e8b465ee728b)
Start importing Assets/02.Scripts/Player/UIManager.cs using Guid(8db89c9990cc92f4a80d5bb9c44d6ed4) Importer(815301076,1909f56bfc062723c751e8b465ee728b)  -> (artifact id: 'e4a2c03905a4d85a53d15e68b4dce869') in 0.010016 seconds
  Import took 0.017568 seconds .

========================================================================
Received Import Request.
  Time since last request: 25.353731 seconds.
  path: Assets/02.Scripts/Player/UIManager.cs
  artifactKey: Guid(8db89c9990cc92f4a80d5bb9c44d6ed4) Importer(815301076,1909f56bfc062723c751e8b465ee728b)
Start importing Assets/02.Scripts/Player/UIManager.cs using Guid(8db89c9990cc92f4a80d5bb9c44d6ed4) Importer(815301076,1909f56bfc062723c751e8b465ee728b)  -> (artifact id: 'f7953b09d6aace71706ef48861c66311') in 0.007529 seconds
  Import took 0.012316 seconds .

========================================================================
Received Import Request.
  Time since last request: 18.951571 seconds.
  path: Assets/02.Scripts/Player/UIManager.cs
  artifactKey: Guid(8db89c9990cc92f4a80d5bb9c44d6ed4) Importer(815301076,1909f56bfc062723c751e8b465ee728b)
Start importing Assets/02.Scripts/Player/UIManager.cs using Guid(8db89c9990cc92f4a80d5bb9c44d6ed4) Importer(815301076,1909f56bfc062723c751e8b465ee728b)  -> (artifact id: '4697088349eafe8dea1eba86cc12b4c8') in 0.006016 seconds
  Import took 0.010900 seconds .

========================================================================
Received Prepare
Registering precompiled user dll's ...
Registered in 0.004819 seconds.
Begin MonoManager ReloadAssembly
Native extension for WindowsStandalone target not found
Refreshing native plugins compatible for Editor in 0.53 ms, found 3 plugins.
Preloading 0 native plugins for Editor in 0.00 ms.
Mono: successfully reloaded assembly
- Completed reload, in  1.033 seconds
Platform modules already initialized, skipping
Refreshing native plugins compatible for Editor in 0.54 ms, found 3 plugins.
Preloading 0 native plugins for Editor in 0.00 ms.
Unloading 2088 Unused Serialized files (Serialized files now loaded: 0)
System memory in use before: 179.2 MB.
System memory in use after: 179.2 MB.

Unloading 21 unused Assets to reduce memory usage. Loaded Objects now: 2566.
Total: 2.246900 ms (FindLiveObjects: 0.236000 ms CreateObjectMapping: 0.098400 ms MarkObjects: 1.743900 ms  DeleteObjects: 0.167800 ms)

========================================================================
Received Prepare
Registering precompiled user dll's ...
Registered in 0.004374 seconds.
Begin MonoManager ReloadAssembly
Native extension for WindowsStandalone target not found
Refreshing native plugins compatible for Editor in 0.53 ms, found 3 plugins.
Preloading 0 native plugins for Editor in 0.00 ms.
Mono: successfully reloaded assembly
- Completed reload, in  1.048 seconds
Platform modules already initialized, skipping
Refreshing native plugins compatible for Editor in 0.53 ms, found 3 plugins.
Preloading 0 native plugins for Editor in 0.00 ms.
Unloading 2088 Unused Serialized files (Serialized files now loaded: 0)
System memory in use before: 179.3 MB.
System memory in use after: 179.2 MB.

Unloading 21 unused Assets to reduce memory usage. Loaded Objects now: 2570.
Total: 2.342500 ms (FindLiveObjects: 0.190100 ms CreateObjectMapping: 0.077100 ms MarkObjects: 1.919700 ms  DeleteObjects: 0.154800 ms)

========================================================================
Received Import Request.
  Time since last request: 58.921038 seconds.
  path: Assets/02.Scripts/Player/UIManager.cs
  artifactKey: Guid(8db89c9990cc92f4a80d5bb9c44d6ed4) Importer(815301076,1909f56bfc062723c751e8b465ee728b)
Start importing Assets/02.Scripts/Player/UIManager.cs using Guid(8db89c9990cc92f4a80d5bb9c44d6ed4) Importer(815301076,1909f56bfc062723c751e8b465ee728b)  -> (artifact id: '38929ba8daeb81833a4473967e5ff208') in 0.006766 seconds
  Import took 0.010473 seconds .

========================================================================
Received Import Request.
  Time since last request: 0.048030 seconds.
  path: Assets/02.Scripts/Player/UIManager.cs
  artifactKey: Guid(8db89c9990cc92f4a80d5bb9c44d6ed4) Importer(815301076,1909f56bfc062723c751e8b465ee728b)
Start importing Assets/02.Scripts/Player/UIManager.cs using Guid(8db89c9990cc92f4a80d5bb9c44d6ed4) Importer(815301076,1909f56bfc062723c751e8b465ee728b)  -> (artifact id: '38929ba8daeb81833a4473967e5ff208') in 0.005144 seconds
  Import took 0.009089 seconds .

========================================================================
Received Prepare
Registering precompiled user dll's ...
Registered in 0.010339 seconds.
Begin MonoManager ReloadAssembly
Native extension for WindowsStandalone target not found
Refreshing native plugins compatible for Editor in 1.15 ms, found 3 plugins.
Preloading 0 native plugins for Editor in 0.00 ms.
Mono: successfully reloaded assembly
- Completed reload, in  2.522 seconds
Platform modules already initialized, skipping
Refreshing native plugins compatible for Editor in 1.07 ms, found 3 plugins.
Preloading 0 native plugins for Editor in 0.00 ms.
Unloading 2088 Unused Serialized files (Serialized files now loaded: 0)
System memory in use before: 179.3 MB.
System memory in use after: 179.3 MB.

Unloading 21 unused Assets to reduce memory usage. Loaded Objects now: 2574.
Total: 4.379100 ms (FindLiveObjects: 0.531900 ms CreateObjectMapping: 0.402700 ms MarkObjects: 3.298200 ms  DeleteObjects: 0.144900 ms)

========================================================================
Received Prepare
Registering precompiled user dll's ...
Registered in 0.004979 seconds.
Begin MonoManager ReloadAssembly
Native extension for WindowsStandalone target not found
Refreshing native plugins compatible for Editor in 0.45 ms, found 3 plugins.
Preloading 0 native plugins for Editor in 0.00 ms.
Mono: successfully reloaded assembly
- Completed reload, in  0.949 seconds
Platform modules already initialized, skipping
Refreshing native plugins compatible for Editor in 0.55 ms, found 3 plugins.
Preloading 0 native plugins for Editor in 0.00 ms.
Unloading 2088 Unused Serialized files (Serialized files now loaded: 0)
System memory in use before: 179.3 MB.
System memory in use after: 179.3 MB.

Unloading 21 unused Assets to reduce memory usage. Loaded Objects now: 2578.
Total: 2.236400 ms (FindLiveObjects: 0.232900 ms CreateObjectMapping: 0.117000 ms MarkObjects: 1.771400 ms  DeleteObjects: 0.114200 ms)

AssetImportWorkerClient::OnTransportError - code=2 error=End of file
